{"/home/maks/workspace/Node.js/task8/client/src/components/DeleteItemModal/index.js": {"path":"/home/maks/workspace/Node.js/task8/client/src/components/DeleteItemModal/index.js","statementMap":{"0":{"start":{"line":4,"column":20},"end":{"line":7,"column":1}},"1":{"start":{"line":5,"column":1},"end":{"line":5,"column":38}},"2":{"start":{"line":6,"column":1},"end":{"line":6,"column":15}},"3":{"start":{"line":9,"column":24},"end":{"line":35,"column":1}},"4":{"start":{"line":10,"column":1},"end":{"line":34,"column":7}},"5":{"start":{"line":20,"column":21},"end":{"line":20,"column":45}},"6":{"start":{"line":27,"column":21},"end":{"line":27,"column":59}},"7":{"start":{"line":37,"column":0},"end":{"line":40,"column":2}}},"fnMap":{"0":{"name":"(anonymous_0)","decl":{"start":{"line":4,"column":20},"end":{"line":4,"column":21}},"loc":{"start":{"line":4,"column":51},"end":{"line":7,"column":1}},"line":4},"1":{"name":"(anonymous_1)","decl":{"start":{"line":9,"column":24},"end":{"line":9,"column":25}},"loc":{"start":{"line":10,"column":1},"end":{"line":34,"column":7}},"line":10},"2":{"name":"(anonymous_2)","decl":{"start":{"line":20,"column":15},"end":{"line":20,"column":16}},"loc":{"start":{"line":20,"column":21},"end":{"line":20,"column":45}},"line":20},"3":{"name":"(anonymous_3)","decl":{"start":{"line":27,"column":15},"end":{"line":27,"column":16}},"loc":{"start":{"line":27,"column":21},"end":{"line":27,"column":59}},"line":27}},"branchMap":{"0":{"loc":{"start":{"line":5,"column":1},"end":{"line":5,"column":37}},"type":"cond-expr","locations":[{"start":{"line":5,"column":16},"end":{"line":5,"column":30}},{"start":{"line":5,"column":33},"end":{"line":5,"column":37}}],"line":5}},"s":{"0":1,"1":0,"2":0,"3":1,"4":0,"5":0,"6":0,"7":1},"f":{"0":0,"1":0,"2":0,"3":0},"b":{"0":[0,0]},"_coverageSchema":"43e27e138ebf9cfc5966b082cf9a028302ed4184","hash":"687f4f9606a7dfb358ac3b96502c5e0d77a7a229"}
,"/home/maks/workspace/Node.js/task8/client/src/components/Portal/index.js": {"path":"/home/maks/workspace/Node.js/task8/client/src/components/Portal/index.js","statementMap":{"0":{"start":{"line":4,"column":15},"end":{"line":8,"column":1}},"1":{"start":{"line":5,"column":1},"end":{"line":7,"column":8}},"2":{"start":{"line":10,"column":0},"end":{"line":12,"column":2}}},"fnMap":{"0":{"name":"(anonymous_0)","decl":{"start":{"line":4,"column":15},"end":{"line":4,"column":16}},"loc":{"start":{"line":5,"column":1},"end":{"line":7,"column":8}},"line":5}},"branchMap":{"0":{"loc":{"start":{"line":5,"column":1},"end":{"line":7,"column":8}},"type":"cond-expr","locations":[{"start":{"line":6,"column":4},"end":{"line":6,"column":50}},{"start":{"line":7,"column":4},"end":{"line":7,"column":8}}],"line":5}},"s":{"0":1,"1":1,"2":1},"f":{"0":1},"b":{"0":[0,1]},"_coverageSchema":"43e27e138ebf9cfc5966b082cf9a028302ed4184","hash":"7580c8dde3fd813fb7b04c4e01b69169db741f2a"}
,"/home/maks/workspace/Node.js/task8/client/src/components/TableRow/index.js": {"path":"/home/maks/workspace/Node.js/task8/client/src/components/TableRow/index.js","statementMap":{"0":{"start":{"line":8,"column":34},"end":{"line":50,"column":1}},"1":{"start":{"line":9,"column":54},"end":{"line":9,"column":64}},"2":{"start":{"line":10,"column":35},"end":{"line":10,"column":50}},"3":{"start":{"line":11,"column":1},"end":{"line":49,"column":3}},"4":{"start":{"line":27,"column":21},"end":{"line":27,"column":39}},"5":{"start":{"line":44,"column":24},"end":{"line":44,"column":43}},"6":{"start":{"line":45,"column":25},"end":{"line":45,"column":45}},"7":{"start":{"line":52,"column":0},"end":{"line":55,"column":2}},"8":{"start":{"line":57,"column":32},"end":{"line":102,"column":1}},"9":{"start":{"line":65,"column":5},"end":{"line":65,"column":13}},"10":{"start":{"line":66,"column":26},"end":{"line":66,"column":63}},"11":{"start":{"line":67,"column":35},"end":{"line":67,"column":50}},"12":{"start":{"line":69,"column":1},"end":{"line":101,"column":3}},"13":{"start":{"line":88,"column":21},"end":{"line":88,"column":39}},"14":{"start":{"line":96,"column":24},"end":{"line":96,"column":43}},"15":{"start":{"line":97,"column":25},"end":{"line":97,"column":43}},"16":{"start":{"line":104,"column":0},"end":{"line":107,"column":2}}},"fnMap":{"0":{"name":"(anonymous_0)","decl":{"start":{"line":8,"column":34},"end":{"line":8,"column":35}},"loc":{"start":{"line":8,"column":72},"end":{"line":50,"column":1}},"line":8},"1":{"name":"(anonymous_1)","decl":{"start":{"line":27,"column":15},"end":{"line":27,"column":16}},"loc":{"start":{"line":27,"column":21},"end":{"line":27,"column":39}},"line":27},"2":{"name":"(anonymous_2)","decl":{"start":{"line":44,"column":18},"end":{"line":44,"column":19}},"loc":{"start":{"line":44,"column":24},"end":{"line":44,"column":43}},"line":44},"3":{"name":"(anonymous_3)","decl":{"start":{"line":45,"column":19},"end":{"line":45,"column":20}},"loc":{"start":{"line":45,"column":25},"end":{"line":45,"column":45}},"line":45},"4":{"name":"(anonymous_4)","decl":{"start":{"line":57,"column":32},"end":{"line":57,"column":33}},"loc":{"start":{"line":57,"column":66},"end":{"line":102,"column":1}},"line":57},"5":{"name":"(anonymous_5)","decl":{"start":{"line":88,"column":15},"end":{"line":88,"column":16}},"loc":{"start":{"line":88,"column":21},"end":{"line":88,"column":39}},"line":88},"6":{"name":"(anonymous_6)","decl":{"start":{"line":96,"column":18},"end":{"line":96,"column":19}},"loc":{"start":{"line":96,"column":24},"end":{"line":96,"column":43}},"line":96},"7":{"name":"(anonymous_7)","decl":{"start":{"line":97,"column":19},"end":{"line":97,"column":20}},"loc":{"start":{"line":97,"column":25},"end":{"line":97,"column":43}},"line":97}},"branchMap":{},"s":{"0":1,"1":8,"2":8,"3":8,"4":2,"5":0,"6":0,"7":1,"8":1,"9":0,"10":0,"11":0,"12":0,"13":0,"14":0,"15":0,"16":1},"f":{"0":8,"1":2,"2":0,"3":0,"4":0,"5":0,"6":0,"7":0},"b":{},"_coverageSchema":"43e27e138ebf9cfc5966b082cf9a028302ed4184","hash":"ca13220b160125b9f616ed88b09310c81ab2ddc4"}
,"/home/maks/workspace/Node.js/task8/client/src/containers/Department/index.js": {"path":"/home/maks/workspace/Node.js/task8/client/src/containers/Department/index.js","statementMap":{"0":{"start":{"line":9,"column":24},"end":{"line":12,"column":2}},"1":{"start":{"line":9,"column":34},"end":{"line":12,"column":1}},"2":{"start":{"line":14,"column":27},"end":{"line":14,"column":83}},"3":{"start":{"line":14,"column":39},"end":{"line":14,"column":83}},"4":{"start":{"line":19,"column":2},"end":{"line":19,"column":15}},"5":{"start":{"line":20,"column":2},"end":{"line":23,"column":4}},"6":{"start":{"line":27,"column":27},"end":{"line":27,"column":37}},"7":{"start":{"line":28,"column":26},"end":{"line":28,"column":36}},"8":{"start":{"line":29,"column":2},"end":{"line":37,"column":3}},"9":{"start":{"line":30,"column":3},"end":{"line":36,"column":6}},"10":{"start":{"line":31,"column":4},"end":{"line":35,"column":5}},"11":{"start":{"line":32,"column":5},"end":{"line":34,"column":8}},"12":{"start":{"line":40,"column":30},"end":{"line":45,"column":2}},"13":{"start":{"line":41,"column":2},"end":{"line":41,"column":21}},"14":{"start":{"line":42,"column":2},"end":{"line":44,"column":5}},"15":{"start":{"line":47,"column":16},"end":{"line":51,"column":2}},"16":{"start":{"line":48,"column":2},"end":{"line":48,"column":21}},"17":{"start":{"line":49,"column":43},"end":{"line":49,"column":53}},"18":{"start":{"line":50,"column":2},"end":{"line":50,"column":77}},"19":{"start":{"line":55,"column":43},"end":{"line":55,"column":53}},"20":{"start":{"line":56,"column":19},"end":{"line":56,"column":29}},"21":{"start":{"line":57,"column":2},"end":{"line":109,"column":4}},"22":{"start":{"line":113,"column":0},"end":{"line":115,"column":2}},"23":{"start":{"line":117,"column":0},"end":{"line":122,"column":2}}},"fnMap":{"0":{"name":"(anonymous_0)","decl":{"start":{"line":9,"column":24},"end":{"line":9,"column":25}},"loc":{"start":{"line":9,"column":34},"end":{"line":12,"column":1}},"line":9},"1":{"name":"(anonymous_1)","decl":{"start":{"line":14,"column":27},"end":{"line":14,"column":28}},"loc":{"start":{"line":14,"column":39},"end":{"line":14,"column":83}},"line":14},"2":{"name":"(anonymous_2)","decl":{"start":{"line":18,"column":1},"end":{"line":18,"column":2}},"loc":{"start":{"line":18,"column":20},"end":{"line":24,"column":2}},"line":18},"3":{"name":"(anonymous_3)","decl":{"start":{"line":26,"column":1},"end":{"line":26,"column":2}},"loc":{"start":{"line":26,"column":21},"end":{"line":38,"column":2}},"line":26},"4":{"name":"(anonymous_4)","decl":{"start":{"line":30,"column":23},"end":{"line":30,"column":24}},"loc":{"start":{"line":30,"column":39},"end":{"line":36,"column":4}},"line":30},"5":{"name":"(anonymous_5)","decl":{"start":{"line":40,"column":30},"end":{"line":40,"column":31}},"loc":{"start":{"line":40,"column":37},"end":{"line":45,"column":2}},"line":40},"6":{"name":"(anonymous_6)","decl":{"start":{"line":47,"column":16},"end":{"line":47,"column":17}},"loc":{"start":{"line":47,"column":23},"end":{"line":51,"column":2}},"line":47},"7":{"name":"(anonymous_7)","decl":{"start":{"line":54,"column":1},"end":{"line":54,"column":2}},"loc":{"start":{"line":54,"column":10},"end":{"line":110,"column":2}},"line":54},"8":{"name":"(anonymous_8)","decl":{"start":{"line":114,"column":19},"end":{"line":114,"column":20}},"loc":{"start":{"line":114,"column":25},"end":{"line":114,"column":27}},"line":114}},"branchMap":{"0":{"loc":{"start":{"line":29,"column":2},"end":{"line":37,"column":3}},"type":"if","locations":[{"start":{"line":29,"column":2},"end":{"line":37,"column":3}},{"start":{"line":29,"column":2},"end":{"line":37,"column":3}}],"line":29},"1":{"loc":{"start":{"line":31,"column":4},"end":{"line":35,"column":5}},"type":"if","locations":[{"start":{"line":31,"column":4},"end":{"line":35,"column":5}},{"start":{"line":31,"column":4},"end":{"line":35,"column":5}}],"line":31},"2":{"loc":{"start":{"line":62,"column":7},"end":{"line":64,"column":30}},"type":"cond-expr","locations":[{"start":{"line":63,"column":10},"end":{"line":63,"column":27}},{"start":{"line":64,"column":10},"end":{"line":64,"column":30}}],"line":62},"3":{"loc":{"start":{"line":81,"column":8},"end":{"line":83,"column":9}},"type":"binary-expr","locations":[{"start":{"line":81,"column":8},"end":{"line":81,"column":12}},{"start":{"line":82,"column":9},"end":{"line":82,"column":81}}],"line":81}},"s":{"0":1,"1":0,"2":1,"3":0,"4":7,"5":7,"6":7,"7":7,"8":7,"9":0,"10":0,"11":0,"12":7,"13":0,"14":0,"15":7,"16":1,"17":1,"18":1,"19":9,"20":9,"21":9,"22":1,"23":1},"f":{"0":0,"1":0,"2":7,"3":7,"4":0,"5":0,"6":1,"7":9,"8":1},"b":{"0":[0,7],"1":[0,0],"2":[2,7],"3":[9,0]},"_coverageSchema":"43e27e138ebf9cfc5966b082cf9a028302ed4184","hash":"4f06817ea6810260058dc80e6baa295c58619928"}
,"/home/maks/workspace/Node.js/task8/client/src/redux/actions/actionCreators.js": {"path":"/home/maks/workspace/Node.js/task8/client/src/redux/actions/actionCreators.js","statementMap":{"0":{"start":{"line":1,"column":34},"end":{"line":1,"column":54}},"1":{"start":{"line":2,"column":33},"end":{"line":2,"column":52}},"2":{"start":{"line":3,"column":33},"end":{"line":3,"column":52}},"3":{"start":{"line":4,"column":38},"end":{"line":4,"column":62}},"4":{"start":{"line":5,"column":31},"end":{"line":5,"column":48}},"5":{"start":{"line":6,"column":36},"end":{"line":6,"column":58}},"6":{"start":{"line":7,"column":30},"end":{"line":7,"column":46}},"7":{"start":{"line":8,"column":35},"end":{"line":8,"column":56}},"8":{"start":{"line":9,"column":35},"end":{"line":9,"column":56}},"9":{"start":{"line":10,"column":28},"end":{"line":10,"column":42}},"10":{"start":{"line":11,"column":33},"end":{"line":11,"column":52}},"11":{"start":{"line":12,"column":33},"end":{"line":12,"column":52}},"12":{"start":{"line":13,"column":28},"end":{"line":13,"column":42}},"13":{"start":{"line":15,"column":27},"end":{"line":17,"column":2}},"14":{"start":{"line":15,"column":34},"end":{"line":17,"column":1}},"15":{"start":{"line":19,"column":32},"end":{"line":21,"column":2}},"16":{"start":{"line":19,"column":39},"end":{"line":21,"column":1}},"17":{"start":{"line":23,"column":23},"end":{"line":26,"column":2}},"18":{"start":{"line":23,"column":39},"end":{"line":26,"column":1}},"19":{"start":{"line":28,"column":32},"end":{"line":31,"column":2}},"20":{"start":{"line":28,"column":39},"end":{"line":31,"column":1}},"21":{"start":{"line":33,"column":29},"end":{"line":36,"column":2}},"22":{"start":{"line":33,"column":36},"end":{"line":36,"column":1}},"23":{"start":{"line":38,"column":30},"end":{"line":41,"column":2}},"24":{"start":{"line":38,"column":37},"end":{"line":41,"column":1}},"25":{"start":{"line":43,"column":27},"end":{"line":45,"column":2}},"26":{"start":{"line":43,"column":34},"end":{"line":45,"column":1}},"27":{"start":{"line":47,"column":29},"end":{"line":52,"column":2}},"28":{"start":{"line":47,"column":53},"end":{"line":52,"column":1}},"29":{"start":{"line":54,"column":26},"end":{"line":56,"column":2}},"30":{"start":{"line":54,"column":33},"end":{"line":56,"column":1}},"31":{"start":{"line":58,"column":26},"end":{"line":61,"column":2}},"32":{"start":{"line":58,"column":34},"end":{"line":61,"column":1}},"33":{"start":{"line":63,"column":27},"end":{"line":72,"column":2}},"34":{"start":{"line":63,"column":90},"end":{"line":72,"column":1}},"35":{"start":{"line":74,"column":24},"end":{"line":76,"column":2}},"36":{"start":{"line":74,"column":31},"end":{"line":76,"column":1}},"37":{"start":{"line":78,"column":24},"end":{"line":80,"column":2}},"38":{"start":{"line":78,"column":31},"end":{"line":80,"column":1}}},"fnMap":{"0":{"name":"(anonymous_0)","decl":{"start":{"line":15,"column":27},"end":{"line":15,"column":28}},"loc":{"start":{"line":15,"column":34},"end":{"line":17,"column":1}},"line":15},"1":{"name":"(anonymous_1)","decl":{"start":{"line":19,"column":32},"end":{"line":19,"column":33}},"loc":{"start":{"line":19,"column":39},"end":{"line":21,"column":1}},"line":19},"2":{"name":"(anonymous_2)","decl":{"start":{"line":23,"column":23},"end":{"line":23,"column":24}},"loc":{"start":{"line":23,"column":39},"end":{"line":26,"column":1}},"line":23},"3":{"name":"(anonymous_3)","decl":{"start":{"line":28,"column":32},"end":{"line":28,"column":33}},"loc":{"start":{"line":28,"column":39},"end":{"line":31,"column":1}},"line":28},"4":{"name":"(anonymous_4)","decl":{"start":{"line":33,"column":29},"end":{"line":33,"column":30}},"loc":{"start":{"line":33,"column":36},"end":{"line":36,"column":1}},"line":33},"5":{"name":"(anonymous_5)","decl":{"start":{"line":38,"column":30},"end":{"line":38,"column":31}},"loc":{"start":{"line":38,"column":37},"end":{"line":41,"column":1}},"line":38},"6":{"name":"(anonymous_6)","decl":{"start":{"line":43,"column":27},"end":{"line":43,"column":28}},"loc":{"start":{"line":43,"column":34},"end":{"line":45,"column":1}},"line":43},"7":{"name":"(anonymous_7)","decl":{"start":{"line":47,"column":29},"end":{"line":47,"column":30}},"loc":{"start":{"line":47,"column":53},"end":{"line":52,"column":1}},"line":47},"8":{"name":"(anonymous_8)","decl":{"start":{"line":54,"column":26},"end":{"line":54,"column":27}},"loc":{"start":{"line":54,"column":33},"end":{"line":56,"column":1}},"line":54},"9":{"name":"(anonymous_9)","decl":{"start":{"line":58,"column":26},"end":{"line":58,"column":27}},"loc":{"start":{"line":58,"column":34},"end":{"line":61,"column":1}},"line":58},"10":{"name":"(anonymous_10)","decl":{"start":{"line":63,"column":27},"end":{"line":63,"column":28}},"loc":{"start":{"line":63,"column":90},"end":{"line":72,"column":1}},"line":63},"11":{"name":"(anonymous_11)","decl":{"start":{"line":74,"column":24},"end":{"line":74,"column":25}},"loc":{"start":{"line":74,"column":31},"end":{"line":76,"column":1}},"line":74},"12":{"name":"(anonymous_12)","decl":{"start":{"line":78,"column":24},"end":{"line":78,"column":25}},"loc":{"start":{"line":78,"column":31},"end":{"line":80,"column":1}},"line":78}},"branchMap":{},"s":{"0":1,"1":1,"2":1,"3":1,"4":1,"5":1,"6":1,"7":1,"8":1,"9":1,"10":1,"11":1,"12":1,"13":1,"14":0,"15":1,"16":0,"17":1,"18":0,"19":1,"20":0,"21":1,"22":0,"23":1,"24":0,"25":1,"26":0,"27":1,"28":0,"29":1,"30":0,"31":1,"32":0,"33":1,"34":0,"35":1,"36":0,"37":1,"38":0},"f":{"0":0,"1":0,"2":0,"3":0,"4":0,"5":0,"6":0,"7":0,"8":0,"9":0,"10":0,"11":0,"12":0},"b":{},"_coverageSchema":"43e27e138ebf9cfc5966b082cf9a028302ed4184","hash":"a94d41c238407636d33e23443a9376dec684172c"}
}
