TN:
SF:/home/maks/workspace/Node.js/task8/client/src/components/DeleteItemModal/index.js
FN:4,(anonymous_0)
FN:9,(anonymous_1)
FN:20,(anonymous_2)
FN:27,(anonymous_3)
FNF:4
FNH:0
FNDA:0,(anonymous_0)
FNDA:0,(anonymous_1)
FNDA:0,(anonymous_2)
FNDA:0,(anonymous_3)
DA:4,1
DA:5,0
DA:6,0
DA:9,1
DA:10,0
DA:20,0
DA:27,0
DA:37,1
LF:8
LH:3
BRDA:5,0,0,0
BRDA:5,0,1,0
BRF:2
BRH:0
end_of_record
TN:
SF:/home/maks/workspace/Node.js/task8/client/src/components/Portal/index.js
FN:4,(anonymous_0)
FNF:1
FNH:1
FNDA:1,(anonymous_0)
DA:4,1
DA:5,1
DA:10,1
LF:3
LH:3
BRDA:5,0,0,0
BRDA:5,0,1,1
BRF:2
BRH:1
end_of_record
TN:
SF:/home/maks/workspace/Node.js/task8/client/src/components/TableRow/index.js
FN:8,(anonymous_0)
FN:27,(anonymous_1)
FN:44,(anonymous_2)
FN:45,(anonymous_3)
FN:57,(anonymous_4)
FN:88,(anonymous_5)
FN:96,(anonymous_6)
FN:97,(anonymous_7)
FNF:8
FNH:2
FNDA:8,(anonymous_0)
FNDA:2,(anonymous_1)
FNDA:0,(anonymous_2)
FNDA:0,(anonymous_3)
FNDA:0,(anonymous_4)
FNDA:0,(anonymous_5)
FNDA:0,(anonymous_6)
FNDA:0,(anonymous_7)
DA:8,1
DA:9,8
DA:10,8
DA:11,8
DA:27,2
DA:44,0
DA:45,0
DA:52,1
DA:57,1
DA:65,0
DA:66,0
DA:67,0
DA:69,0
DA:88,0
DA:96,0
DA:97,0
DA:104,1
LF:17
LH:8
BRF:0
BRH:0
end_of_record
TN:
SF:/home/maks/workspace/Node.js/task8/client/src/containers/Department/index.js
FN:9,(anonymous_0)
FN:14,(anonymous_1)
FN:18,(anonymous_2)
FN:26,(anonymous_3)
FN:30,(anonymous_4)
FN:40,(anonymous_5)
FN:47,(anonymous_6)
FN:54,(anonymous_7)
FN:114,(anonymous_8)
FNF:9
FNH:5
FNDA:0,(anonymous_0)
FNDA:0,(anonymous_1)
FNDA:7,(anonymous_2)
FNDA:7,(anonymous_3)
FNDA:0,(anonymous_4)
FNDA:0,(anonymous_5)
FNDA:1,(anonymous_6)
FNDA:9,(anonymous_7)
FNDA:1,(anonymous_8)
DA:9,1
DA:14,1
DA:19,7
DA:20,7
DA:27,7
DA:28,7
DA:29,7
DA:30,0
DA:31,0
DA:32,0
DA:40,7
DA:41,0
DA:42,0
DA:47,7
DA:48,1
DA:49,1
DA:50,1
DA:55,9
DA:56,9
DA:57,9
DA:113,1
DA:117,1
LF:22
LH:17
BRDA:29,0,0,0
BRDA:29,0,1,7
BRDA:31,1,0,0
BRDA:31,1,1,0
BRDA:62,2,0,2
BRDA:62,2,1,7
BRDA:81,3,0,9
BRDA:81,3,1,0
BRF:8
BRH:4
end_of_record
TN:
SF:/home/maks/workspace/Node.js/task8/client/src/redux/actions/actionCreators.js
FN:15,(anonymous_0)
FN:19,(anonymous_1)
FN:23,(anonymous_2)
FN:28,(anonymous_3)
FN:33,(anonymous_4)
FN:38,(anonymous_5)
FN:43,(anonymous_6)
FN:47,(anonymous_7)
FN:54,(anonymous_8)
FN:58,(anonymous_9)
FN:63,(anonymous_10)
FN:74,(anonymous_11)
FN:78,(anonymous_12)
FNF:13
FNH:0
FNDA:0,(anonymous_0)
FNDA:0,(anonymous_1)
FNDA:0,(anonymous_2)
FNDA:0,(anonymous_3)
FNDA:0,(anonymous_4)
FNDA:0,(anonymous_5)
FNDA:0,(anonymous_6)
FNDA:0,(anonymous_7)
FNDA:0,(anonymous_8)
FNDA:0,(anonymous_9)
FNDA:0,(anonymous_10)
FNDA:0,(anonymous_11)
FNDA:0,(anonymous_12)
DA:1,1
DA:2,1
DA:3,1
DA:4,1
DA:5,1
DA:6,1
DA:7,1
DA:8,1
DA:9,1
DA:10,1
DA:11,1
DA:12,1
DA:13,1
DA:15,1
DA:19,1
DA:23,1
DA:28,1
DA:33,1
DA:38,1
DA:43,1
DA:47,1
DA:54,1
DA:58,1
DA:63,1
DA:74,1
DA:78,1
LF:26
LH:26
BRF:0
BRH:0
end_of_record
